#
# There is insufficient memory for the Java Runtime Environment to continue.
# Native memory allocation (malloc) failed to allocate 1048576 bytes for AllocateHeap
# Possible reasons:
#   The system is out of physical RAM or swap space
#   In 32 bit mode, the process size limit was hit
# Possible solutions:
#   Reduce memory load on the system
#   Increase physical memory or swap space
#   Check if swap backing store is full
#   Use 64 bit Java on a 64 bit OS
#   Decrease Java heap size (-Xmx/-Xms)
#   Decrease number of Java threads
#   Decrease Java thread stack sizes (-Xss)
#   Set larger code cache with -XX:ReservedCodeCacheSize=
# This output file may be truncated or incomplete.
#
#  Out of Memory Error (memory/allocation.inline.hpp:61), pid=8316, tid=1556
#
# JRE version:  (8.0_51-b16) (build )
# Java VM: Java HotSpot(TM) 64-Bit Server VM (25.51-b03 mixed mode windows-amd64 compressed oops)
# Failed to write core dump. Minidumps are not enabled by default on client versions of Windows
#

---------------  T H R E A D  ---------------

Current thread (0x0000000002420800):  JavaThread "Unknown thread" [_thread_in_vm, id=1556, stack(0x0000000002230000,0x0000000002330000)]

Stack: [0x0000000002230000,0x0000000002330000]
Native frames: (J=compiled Java code, j=interpreted, Vv=VM code, C=native code)
V  [jvm.dll+0x32b4ca]
V  [jvm.dll+0x2797e3]
V  [jvm.dll+0x27a479]
V  [jvm.dll+0x271765]
V  [jvm.dll+0x1606]
V  [jvm.dll+0x3f7dd2]
V  [jvm.dll+0x3f876f]
V  [jvm.dll+0x3f883d]
V  [jvm.dll+0x3f8a06]
V  [jvm.dll+0xf2c22]
V  [jvm.dll+0x20f0a9]
V  [jvm.dll+0x240d2a]
V  [jvm.dll+0x15b9a1]
C  [java.exe+0x216e]
C  [java.exe+0xcd07]
C  [java.exe+0xcd9b]
C  [KERNEL32.DLL+0x13dc4]
C  [ntdll.dll+0x73691]


---------------  P R O C E S S  ---------------

Java Threads: ( => current thread )

Other Threads:

=>0x0000000002420800 (exited) JavaThread "Unknown thread" [_thread_in_vm, id=1556, stack(0x0000000002230000,0x0000000002330000)]

VM state:not at safepoint (normal execution)

VM Mutex/Monitor currently owned by a thread: None

Heap:
 PSYoungGen      total 18432K, used 317K [0x00000000eb580000, 0x00000000eca00000, 0x0000000100000000)
  eden space 15872K, 2% used [0x00000000eb580000,0x00000000eb5cf5d0,0x00000000ec500000)
  from space 2560K, 0% used [0x00000000ec780000,0x00000000ec780000,0x00000000eca00000)
  to   space 2560K, 0% used [0x00000000ec500000,0x00000000ec500000,0x00000000ec780000)
 ParOldGen       total 42496K, used 0K [0x00000000c2000000, 0x00000000c4980000, 0x00000000eb580000)
  object space 42496K, 0% used [0x00000000c2000000,0x00000000c2000000,0x00000000c4980000)
 Metaspace       used 766K, capacity 4480K, committed 4480K, reserved 1056768K
  class space    used 75K, capacity 384K, committed 384K, reserved 1048576K

Card table byte_map: [0x00000000118e0000,0x0000000011ae0000] byte_map_base: 0x00000000112d0000

Marking Bits: (ParMarkBitMap*) 0x000000005caa4040
 Begin Bits: [0x0000000012030000, 0x0000000012fb0000)
 End Bits:   [0x0000000012fb0000, 0x0000000013f30000)

Polling page: 0x0000000000620000

CodeCache: size=245760Kb used=328Kb max_used=328Kb free=245431Kb
 bounds [0x0000000002520000, 0x0000000002790000, 0x0000000011520000]
 total_blobs=57 nmethods=0 adapters=37
 compilation: enabled

Compilation events (0 events):
No events

GC Heap History (0 events):
No events

Deoptimization events (0 events):
No events

Internal exceptions (0 events):
No events

Events (10 events):
Event: 0.120 loading class java/lang/Short
Event: 0.120 loading class java/lang/Short done
Event: 0.120 loading class java/lang/Integer
Event: 0.120 loading class java/lang/Integer done
Event: 0.120 loading class java/lang/Long
Event: 0.120 loading class java/lang/Long done
Event: 0.121 loading class java/lang/NullPointerException
Event: 0.121 loading class java/lang/NullPointerException done
Event: 0.121 loading class java/lang/ArithmeticException
Event: 0.122 loading class java/lang/ArithmeticException done


Dynamic libraries:
0x00007ff614f00000 - 0x00007ff614f37000 	C:\Program Files\Java\jdk1.8.0_51\bin\java.exe
0x00007ff9a9ca0000 - 0x00007ff9a9e81000 	C:\WINDOWS\SYSTEM32\ntdll.dll
0x00007ff9a8090000 - 0x00007ff9a8142000 	C:\WINDOWS\System32\KERNEL32.DLL
0x00007ff9a63f0000 - 0x00007ff9a6663000 	C:\WINDOWS\System32\KERNELBASE.dll
0x00007ff9a9bc0000 - 0x00007ff9a9c61000 	C:\WINDOWS\System32\ADVAPI32.dll
0x00007ff9a9b20000 - 0x00007ff9a9bbe000 	C:\WINDOWS\System32\msvcrt.dll
0x00007ff9a84a0000 - 0x00007ff9a84fb000 	C:\WINDOWS\System32\sechost.dll
0x00007ff9a8360000 - 0x00007ff9a8484000 	C:\WINDOWS\System32\RPCRT4.dll
0x00007ff9a7810000 - 0x00007ff9a79a0000 	C:\WINDOWS\System32\USER32.dll
0x00007ff9a6770000 - 0x00007ff9a6790000 	C:\WINDOWS\System32\win32u.dll
0x00007ff9a9a50000 - 0x00007ff9a9a78000 	C:\WINDOWS\System32\GDI32.dll
0x00007ff9a6070000 - 0x00007ff9a6202000 	C:\WINDOWS\System32\gdi32full.dll
0x00007ff9a6980000 - 0x00007ff9a6a1f000 	C:\WINDOWS\System32\msvcp_win.dll
0x00007ff9a62f0000 - 0x00007ff9a63e8000 	C:\WINDOWS\System32\ucrtbase.dll
0x00007ff9931f0000 - 0x00007ff993459000 	C:\WINDOWS\WinSxS\amd64_microsoft.windows.common-controls_6595b64144ccf1df_6.0.17134.648_none_fb45a0e93062a6d2\COMCTL32.dll
0x00007ff9a79a0000 - 0x00007ff9a7cc2000 	C:\WINDOWS\System32\combase.dll
0x00007ff9a6270000 - 0x00007ff9a62ea000 	C:\WINDOWS\System32\bcryptPrimitives.dll
0x00007ff9a81b0000 - 0x00007ff9a81dd000 	C:\WINDOWS\System32\IMM32.DLL
0x000000005d290000 - 0x000000005d362000 	C:\Program Files\Java\jdk1.8.0_51\jre\bin\msvcr100.dll
0x000000005c2a0000 - 0x000000005cb23000 	C:\Program Files\Java\jdk1.8.0_51\jre\bin\server\jvm.dll
0x00007ff9a8490000 - 0x00007ff9a8498000 	C:\WINDOWS\System32\PSAPI.DLL
0x00007ff98d730000 - 0x00007ff98d739000 	C:\WINDOWS\SYSTEM32\WSOCK32.dll
0x00007ff9a8520000 - 0x00007ff9a858c000 	C:\WINDOWS\System32\WS2_32.dll
0x00007ff9a3ad0000 - 0x00007ff9a3af3000 	C:\WINDOWS\SYSTEM32\WINMM.dll
0x00007ff9a3aa0000 - 0x00007ff9a3aca000 	C:\WINDOWS\SYSTEM32\winmmbase.dll
0x00007ff9a6720000 - 0x00007ff9a6769000 	C:\WINDOWS\System32\cfgmgr32.dll
0x00007ff99b4f0000 - 0x00007ff99b4fa000 	C:\WINDOWS\SYSTEM32\VERSION.dll
0x000000005d240000 - 0x000000005d24f000 	C:\Program Files\Java\jdk1.8.0_51\jre\bin\verify.dll
0x000000005d210000 - 0x000000005d239000 	C:\Program Files\Java\jdk1.8.0_51\jre\bin\java.dll
0x000000005d1f0000 - 0x000000005d206000 	C:\Program Files\Java\jdk1.8.0_51\jre\bin\zip.dll
0x00007ff9975d0000 - 0x00007ff997799000 	C:\WINDOWS\SYSTEM32\dbghelp.dll

VM Arguments:
jvm_args: -Dfile.encoding=UTF-8 
java_command: lk.ijse.pizza.view.Frame
java_class_path (initial): D:\Pavithra\New folder\NetBeans 8.2\java\modules\ext\AbsoluteLayout.jar;D:\Pavithra\lib\swingx-all-1.6.4.jar;D:\Pavithra\New folder\NetBeans 8.2\ide\modules\ext\mysql-connector-java-5.1.23-bin.jar;D:\Pavithra\Project\Pizza\build\classes
Launcher Type: SUN_STANDARD

Environment Variables:
PATH=C:\ProgramData\Oracle\Java\javapath;C:\WINDOWS\system32;C:\WINDOWS;C:\WINDOWS\System32\Wbem;C:\WINDOWS\System32\WindowsPowerShell\v1.0\;C:\WINDOWS\System32\OpenSSH\;C:\Program Files\Intel\WiFi\bin\;C:\Program Files\Common Files\Intel\WirelessCommon\;C:\Program Files (x86)\NVIDIA Corporation\PhysX\Common;C:\Program Files (x86)\Windows Kits\8.1\Windows Performance Toolkit\;C:\Program Files\Microsoft SQL Server\110\Tools\Binn\;C:\Program Files\Microsoft SQL Server\Client SDK\ODBC\110\Tools\Binn\;C:\Program Files (x86)\Microsoft SQL Server\120\Tools\Binn\ManagementStudio\;C:\Program Files (x86)\Microsoft SQL Server\120\Tools\Binn\;C:\Program Files\Microsoft SQL Server\120\Tools\Binn\;C:\Program Files (x86)\Microsoft SQL Server\120\DTS\Binn\;C:\Program Files\Microsoft SQL Server\120\DTS\Binn\;C:\Program Files\Java\jdk1.8.0_51\bin;C:\Users\Acer\AppData\Local\Microsoft\WindowsApps;C:\Program Files\Intel\WiFi\bin\;C:\Program Files\Common Files\Intel\WirelessCommon\
USERNAME=Acer
OS=Windows_NT
PROCESSOR_IDENTIFIER=Intel64 Family 6 Model 142 Stepping 9, GenuineIntel



---------------  S Y S T E M  ---------------

OS: Windows 10.0 , 64 bit Build 17134 (10.0.17134.648)

CPU:total 4 (2 cores per cpu, 2 threads per core) family 6 model 142 stepping 9, cmov, cx8, fxsr, mmx, sse, sse2, sse3, ssse3, sse4.1, sse4.2, popcnt, avx, avx2, aes, clmul, erms, 3dnowpref, lzcnt, ht, tsc, tscinvbit, bmi1, bmi2, adx

Memory: 4k page, physical 4059364k(733408k free), swap 16642276k(5572k free)

vm_info: Java HotSpot(TM) 64-Bit Server VM (25.51-b03) for windows-amd64 JRE (1.8.0_51-b16), built on Jun  8 2015 18:03:07 by "java_re" with MS VC++ 10.0 (VS2010)

time: Sat Jul 20 17:00:53 2019
elapsed time: 0 seconds (0d 0h 0m 0s)

